<?xml version="1.0" encoding="UTF-8"?>
<!-- Generated by org.testng.reporters.JUnitReportReporter -->
<testsuite hostname="MC0Y9VPC" name="Admin.ViewUsersAD001" tests="1" failures="0" timestamp="8 Oct 2017 20:46:43 GMT" time="28.717" errors="0">
  <testcase name="viewusers" time="28.717" classname="Admin.ViewUsersAD001"/>
</testsuite> <!-- Admin.ViewUsersAD001 -->
