<?xml version="1.0" encoding="UTF-8"?>
<!-- Generated by org.testng.reporters.JUnitReportReporter -->
<testsuite hostname="MC0Y9VPC" name="Login.DriverScript_Admin" tests="1" failures="0" timestamp="3 Oct 2017 12:15:47 GMT" time="15.420" errors="0">
  <testcase name="checklogin" time="15.420" classname="Login.DriverScript_Admin"/>
</testsuite> <!-- Login.DriverScript_Admin -->
