<?xml version="1.0" encoding="UTF-8"?>
<!-- Generated by org.testng.reporters.JUnitReportReporter -->
<testsuite hostname="MC0WERYC" name="Admin.NewTest" tests="1" failures="0" timestamp="8 Aug 2017 18:20:08 GMT" time="11.969" errors="0">
  <testcase name="me" time="11.969" classname="Admin.NewTest"/>
</testsuite> <!-- Admin.NewTest -->
