<?xml version="1.0" encoding="UTF-8"?>
<!-- Generated by org.testng.reporters.JUnitReportReporter -->
<testsuite hostname="HDC0007115" name="DriverScript.CreateContacts" tests="1" failures="0" timestamp="2 Aug 2018 07:09:54 GMT" time="41.526" errors="0">
  <testcase name="CreateContactsSF" time="41.526" classname="DriverScript.CreateContacts"/>
</testsuite> <!-- DriverScript.CreateContacts -->
