<?xml version="1.0" encoding="UTF-8"?>
<!-- Generated by org.testng.reporters.JUnitReportReporter -->
<testsuite hostname="anand" name="DriverScript.GoogleCssCorpScrch" tests="1" failures="0" timestamp="30 Jun 2018 12:32:40 GMT" time="10.417" errors="0">
  <testcase name="loginSalesForce" time="10.417" classname="DriverScript.GoogleCssCorpScrch"/>
</testsuite> <!-- DriverScript.GoogleCssCorpScrch -->
