<?xml version="1.0" encoding="UTF-8"?>
<!-- Generated by org.testng.reporters.JUnitReportReporter -->
<testsuite hostname="HDC0007115" name="DriverScript.CreateAccountDriver" tests="1" failures="0" timestamp="20 Jul 2018 13:42:24 GMT" time="35.190" errors="0">
  <testcase name="CreateAccount" time="35.190" classname="DriverScript.CreateAccountDriver"/>
</testsuite> <!-- DriverScript.CreateAccountDriver -->
