<?xml version="1.0" encoding="UTF-8"?>
<!-- Generated by org.testng.reporters.JUnitReportReporter -->
<testsuite hostname="HDC0007115" name="DriverScript.LoginAndCreateContacts" tests="1" failures="0" timestamp="11 Jul 2018 14:24:37 GMT" time="59.493" errors="0">
  <testcase name="LoginSF" time="59.493" classname="DriverScript.LoginAndCreateContacts"/>
</testsuite> <!-- DriverScript.LoginAndCreateContacts -->
