<?xml version="1.0" encoding="UTF-8"?>
<!-- Generated by org.testng.reporters.JUnitReportReporter -->
<testsuite hostname="HDC0007115" name="DriverScript.CreateContactsDriver" tests="1" failures="0" timestamp="20 Jul 2018 13:42:24 GMT" time="36.983" errors="0">
  <testcase name="loginSalesForce" time="36.983" classname="DriverScript.CreateContactsDriver"/>
</testsuite> <!-- DriverScript.CreateContactsDriver -->
