<?xml version="1.0" encoding="UTF-8"?>
<!-- Generated by org.testng.reporters.JUnitReportReporter -->
<testsuite hostname="HDC0007115" name="DriverScript.NewTest" tests="1" failures="0" timestamp="6 Jul 2018 15:43:33 GMT" time="50.335" errors="1">
  <testcase name="f" time="50.335" classname="DriverScript.NewTest">
    <error type="org.openqa.selenium.WebDriverException" message="Failed to connect to binary FirefoxBinary(C:\Program Files\Mozilla Firefox\firefox.exe) on port 7055; process output follows: 
alling bootstrap method startup on aushelper@mozilla.org version 2.0
1530891774929	addons.xpi	DEBUG	Registering manifest for C:\Program Files\Mozilla Firefox\browser\features\firefox@getpocket.com.xpi
1530891774931	addons.xpi	DEBUG	Calling bootstrap method startup on firefox@getpocket.com version 1.0.5
1530891774966	addons.xpi	DEBUG	Registering manifest for C:\Program Files\Mozilla Firefox\browser\features\followonsearch@mozilla.com.xpi
1530891774968	addons.xpi	DEBUG	Calling bootstrap method startup on followonsearch@mozilla.com version 0.9.7
1530891774968	addons.xpi	DEBUG	Registering manifest for C:\Program Files\Mozilla Firefox\browser\features\formautofill@mozilla.org.xpi
1530891774970	addons.xpi	DEBUG	Calling bootstrap method startup on formautofill@mozilla.org version 1.0
1530891774970	addons.xpi	DEBUG	Registering manifest for C:\Program Files\Mozilla Firefox\browser\features\onboarding@mozilla.org.xpi
1530891774971	addons.xpi	DEBUG	Calling bootstrap method startup on onboarding@mozilla.org version 1.0
1530891774972	addons.xpi	DEBUG	Registering manifest for C:\Program Files\Mozilla Firefox\browser\features\screenshots@mozilla.org.xpi
1530891774973	addons.xpi	DEBUG	Calling bootstrap method startup on screenshots@mozilla.org version 32.1.0
1530891774973	addons.xpi	DEBUG	Registering manifest for C:\Program Files\Mozilla Firefox\browser\features\webcompat-reporter@mozilla.org.xpi
1530891774974	addons.xpi	DEBUG	Calling bootstrap method startup on webcompat-reporter@mozilla.org version 1.0.0
1530891774974	addons.xpi	DEBUG	Registering manifest for C:\Program Files\Mozilla Firefox\browser\features\webcompat@mozilla.org.xpi
1530891774991	addons.xpi	DEBUG	Calling bootstrap method startup on webcompat@mozilla.org version 2.0
1530891774998	addons.manager	DEBUG	Registering shutdown blocker for XPIProvider
1530891774998	addons.manager	DEBUG	Provider finished startup: XPIProvider
1530891774998	addons.manager	DEBUG	Starting provider: LightweightThemeManager
1530891774998	addons.manager	DEBUG	Registering shutdown blocker for LightweightThemeManager
1530891774998	addons.manager	DEBUG	Provider finished startup: LightweightThemeManager
1530891774999	addons.manager	DEBUG	Starting provider: GMPProvider
1530891775003	addons.manager	DEBUG	Registering shutdown blocker for GMPProvider
1530891775003	addons.manager	DEBUG	Provider finished startup: GMPProvider
1530891775003	addons.manager	DEBUG	Starting provider: PluginProvider
1530891775003	addons.manager	DEBUG	Registering shutdown blocker for PluginProvider
1530891775004	addons.manager	DEBUG	Provider finished startup: PluginProvider
1530891775005	addons.manager	DEBUG	Completed startup sequence
1530891777173	addons.repository	DEBUG	No addons.json found.
1530891780606	addons.xpi	DEBUG	Ignoring file entry whose name is not a valid add-on ID: C:\Users\css116441\AppData\Local\Temp\anonymous4032254381756875278webdriver-profile\extensions\webdriver-staging
1530891780607	addons.xpi	DEBUG	Existing add-on activity-stream@mozilla.org in app-system-defaults
1530891780608	addons.xpi	DEBUG	Existing add-on aushelper@mozilla.org in app-system-defaults
1530891780608	addons.xpi	DEBUG	Existing add-on firefox@getpocket.com in app-system-defaults
1530891780608	addons.xpi	DEBUG	Existing add-on followonsearch@mozilla.com in app-system-defaults
1530891780609	addons.xpi	DEBUG	Existing add-on formautofill@mozilla.org in app-system-defaults
1530891780609	addons.xpi	DEBUG	Existing add-on onboarding@mozilla.org in app-system-defaults
1530891780609	addons.xpi	DEBUG	Existing add-on screenshots@mozilla.org in app-system-defaults
1530891780610	addons.xpi	DEBUG	Existing add-on webcompat-reporter@mozilla.org in app-system-defaults
1530891780610	addons.xpi	DEBUG	Existing add-on webcompat@mozilla.org in app-system-defaults
1530891780610	addons.xpi	DEBUG	getInstallState changed: false, state: {}
Unable to read VR Path Registry from C:\Users\css116441\AppData\Local\openvr\openvrpaths.vrpath
JavaScript error: resource://gre/modules/addons/XPIProvider.jsm, line 2189: TypeError: addon is null

Build info: version: &#039;2.53.1&#039;, revision: &#039;a36b8b1&#039;, time: &#039;2016-06-30 17:32:46&#039;
System info: host: &#039;HDC0007115&#039;, ip: &#039;10.60.25.17&#039;, os.name: &#039;Windows 10&#039;, os.arch: &#039;amd64&#039;, os.version: &#039;10.0&#039;, java.version: &#039;1.8.0_171&#039;
Driver info: driver.version: FirefoxDriver">
      <![CDATA[org.openqa.selenium.WebDriverException: Failed to connect to binary FirefoxBinary(C:\Program Files\Mozilla Firefox\firefox.exe) on port 7055; process output follows: 
alling bootstrap method startup on aushelper@mozilla.org version 2.0
1530891774929	addons.xpi	DEBUG	Registering manifest for C:\Program Files\Mozilla Firefox\browser\features\firefox@getpocket.com.xpi
1530891774931	addons.xpi	DEBUG	Calling bootstrap method startup on firefox@getpocket.com version 1.0.5
1530891774966	addons.xpi	DEBUG	Registering manifest for C:\Program Files\Mozilla Firefox\browser\features\followonsearch@mozilla.com.xpi
1530891774968	addons.xpi	DEBUG	Calling bootstrap method startup on followonsearch@mozilla.com version 0.9.7
1530891774968	addons.xpi	DEBUG	Registering manifest for C:\Program Files\Mozilla Firefox\browser\features\formautofill@mozilla.org.xpi
1530891774970	addons.xpi	DEBUG	Calling bootstrap method startup on formautofill@mozilla.org version 1.0
1530891774970	addons.xpi	DEBUG	Registering manifest for C:\Program Files\Mozilla Firefox\browser\features\onboarding@mozilla.org.xpi
1530891774971	addons.xpi	DEBUG	Calling bootstrap method startup on onboarding@mozilla.org version 1.0
1530891774972	addons.xpi	DEBUG	Registering manifest for C:\Program Files\Mozilla Firefox\browser\features\screenshots@mozilla.org.xpi
1530891774973	addons.xpi	DEBUG	Calling bootstrap method startup on screenshots@mozilla.org version 32.1.0
1530891774973	addons.xpi	DEBUG	Registering manifest for C:\Program Files\Mozilla Firefox\browser\features\webcompat-reporter@mozilla.org.xpi
1530891774974	addons.xpi	DEBUG	Calling bootstrap method startup on webcompat-reporter@mozilla.org version 1.0.0
1530891774974	addons.xpi	DEBUG	Registering manifest for C:\Program Files\Mozilla Firefox\browser\features\webcompat@mozilla.org.xpi
1530891774991	addons.xpi	DEBUG	Calling bootstrap method startup on webcompat@mozilla.org version 2.0
1530891774998	addons.manager	DEBUG	Registering shutdown blocker for XPIProvider
1530891774998	addons.manager	DEBUG	Provider finished startup: XPIProvider
1530891774998	addons.manager	DEBUG	Starting provider: LightweightThemeManager
1530891774998	addons.manager	DEBUG	Registering shutdown blocker for LightweightThemeManager
1530891774998	addons.manager	DEBUG	Provider finished startup: LightweightThemeManager
1530891774999	addons.manager	DEBUG	Starting provider: GMPProvider
1530891775003	addons.manager	DEBUG	Registering shutdown blocker for GMPProvider
1530891775003	addons.manager	DEBUG	Provider finished startup: GMPProvider
1530891775003	addons.manager	DEBUG	Starting provider: PluginProvider
1530891775003	addons.manager	DEBUG	Registering shutdown blocker for PluginProvider
1530891775004	addons.manager	DEBUG	Provider finished startup: PluginProvider
1530891775005	addons.manager	DEBUG	Completed startup sequence
1530891777173	addons.repository	DEBUG	No addons.json found.
1530891780606	addons.xpi	DEBUG	Ignoring file entry whose name is not a valid add-on ID: C:\Users\css116441\AppData\Local\Temp\anonymous4032254381756875278webdriver-profile\extensions\webdriver-staging
1530891780607	addons.xpi	DEBUG	Existing add-on activity-stream@mozilla.org in app-system-defaults
1530891780608	addons.xpi	DEBUG	Existing add-on aushelper@mozilla.org in app-system-defaults
1530891780608	addons.xpi	DEBUG	Existing add-on firefox@getpocket.com in app-system-defaults
1530891780608	addons.xpi	DEBUG	Existing add-on followonsearch@mozilla.com in app-system-defaults
1530891780609	addons.xpi	DEBUG	Existing add-on formautofill@mozilla.org in app-system-defaults
1530891780609	addons.xpi	DEBUG	Existing add-on onboarding@mozilla.org in app-system-defaults
1530891780609	addons.xpi	DEBUG	Existing add-on screenshots@mozilla.org in app-system-defaults
1530891780610	addons.xpi	DEBUG	Existing add-on webcompat-reporter@mozilla.org in app-system-defaults
1530891780610	addons.xpi	DEBUG	Existing add-on webcompat@mozilla.org in app-system-defaults
1530891780610	addons.xpi	DEBUG	getInstallState changed: false, state: {}
Unable to read VR Path Registry from C:\Users\css116441\AppData\Local\openvr\openvrpaths.vrpath
JavaScript error: resource://gre/modules/addons/XPIProvider.jsm, line 2189: TypeError: addon is null

Build info: version: '2.53.1', revision: 'a36b8b1', time: '2016-06-30 17:32:46'
System info: host: 'HDC0007115', ip: '10.60.25.17', os.name: 'Windows 10', os.arch: 'amd64', os.version: '10.0', java.version: '1.8.0_171'
Driver info: driver.version: FirefoxDriver
	at org.openqa.selenium.firefox.internal.NewProfileExtensionConnection.start(NewProfileExtensionConnection.java:124)
	at org.openqa.selenium.firefox.FirefoxDriver.startClient(FirefoxDriver.java:271)
	at org.openqa.selenium.remote.RemoteWebDriver.<init>(RemoteWebDriver.java:119)
	at org.openqa.selenium.firefox.FirefoxDriver.<init>(FirefoxDriver.java:218)
	at org.openqa.selenium.firefox.FirefoxDriver.<init>(FirefoxDriver.java:211)
	at org.openqa.selenium.firefox.FirefoxDriver.<init>(FirefoxDriver.java:207)
	at org.openqa.selenium.firefox.FirefoxDriver.<init>(FirefoxDriver.java:120)
	at DriverScript.NewTest.f(NewTest.java:19)
	at sun.reflect.NativeMethodAccessorImpl.invoke0(Native Method)
	at sun.reflect.NativeMethodAccessorImpl.invoke(Unknown Source)
	at sun.reflect.DelegatingMethodAccessorImpl.invoke(Unknown Source)
	at java.lang.reflect.Method.invoke(Unknown Source)
	at org.testng.internal.MethodInvocationHelper.invokeMethod(MethodInvocationHelper.java:85)
	at org.testng.internal.Invoker.invokeMethod(Invoker.java:639)
	at org.testng.internal.Invoker.invokeTestMethod(Invoker.java:816)
	at org.testng.internal.Invoker.invokeTestMethods(Invoker.java:1124)
	at org.testng.internal.TestMethodWorker.invokeTestMethods(TestMethodWorker.java:125)
	at org.testng.internal.TestMethodWorker.run(TestMethodWorker.java:108)
	at org.testng.TestRunner.privateRun(TestRunner.java:774)
	at org.testng.TestRunner.run(TestRunner.java:624)
	at org.testng.SuiteRunner.runTest(SuiteRunner.java:359)
	at org.testng.SuiteRunner.runSequentially(SuiteRunner.java:354)
	at org.testng.SuiteRunner.privateRun(SuiteRunner.java:312)
	at org.testng.SuiteRunner.run(SuiteRunner.java:261)
	at org.testng.SuiteRunnerWorker.runSuite(SuiteRunnerWorker.java:52)
	at org.testng.SuiteRunnerWorker.run(SuiteRunnerWorker.java:86)
	at org.testng.TestNG.runSuitesSequentially(TestNG.java:1215)
	at org.testng.TestNG.runSuitesLocally(TestNG.java:1140)
	at org.testng.TestNG.run(TestNG.java:1048)
	at org.testng.remote.AbstractRemoteTestNG.run(AbstractRemoteTestNG.java:114)
	at org.testng.remote.RemoteTestNG.initAndRun(RemoteTestNG.java:251)
	at org.testng.remote.RemoteTestNG.main(RemoteTestNG.java:77)
Caused by: org.openqa.selenium.firefox.NotConnectedException: Unable to connect to host 127.0.0.1 on port 7055 after 45000 ms. Firefox console output:
alling bootstrap method startup on aushelper@mozilla.org version 2.0
1530891774929	addons.xpi	DEBUG	Registering manifest for C:\Program Files\Mozilla Firefox\browser\features\firefox@getpocket.com.xpi
1530891774931	addons.xpi	DEBUG	Calling bootstrap method startup on firefox@getpocket.com version 1.0.5
1530891774966	addons.xpi	DEBUG	Registering manifest for C:\Program Files\Mozilla Firefox\browser\features\followonsearch@mozilla.com.xpi
1530891774968	addons.xpi	DEBUG	Calling bootstrap method startup on followonsearch@mozilla.com version 0.9.7
1530891774968	addons.xpi	DEBUG	Registering manifest for C:\Program Files\Mozilla Firefox\browser\features\formautofill@mozilla.org.xpi
1530891774970	addons.xpi	DEBUG	Calling bootstrap method startup on formautofill@mozilla.org version 1.0
1530891774970	addons.xpi	DEBUG	Registering manifest for C:\Program Files\Mozilla Firefox\browser\features\onboarding@mozilla.org.xpi
1530891774971	addons.xpi	DEBUG	Calling bootstrap method startup on onboarding@mozilla.org version 1.0
1530891774972	addons.xpi	DEBUG	Registering manifest for C:\Program Files\Mozilla Firefox\browser\features\screenshots@mozilla.org.xpi
1530891774973	addons.xpi	DEBUG	Calling bootstrap method startup on screenshots@mozilla.org version 32.1.0
1530891774973	addons.xpi	DEBUG	Registering manifest for C:\Program Files\Mozilla Firefox\browser\features\webcompat-reporter@mozilla.org.xpi
1530891774974	addons.xpi	DEBUG	Calling bootstrap method startup on webcompat-reporter@mozilla.org version 1.0.0
1530891774974	addons.xpi	DEBUG	Registering manifest for C:\Program Files\Mozilla Firefox\browser\features\webcompat@mozilla.org.xpi
1530891774991	addons.xpi	DEBUG	Calling bootstrap method startup on webcompat@mozilla.org version 2.0
1530891774998	addons.manager	DEBUG	Registering shutdown blocker for XPIProvider
1530891774998	addons.manager	DEBUG	Provider finished startup: XPIProvider
1530891774998	addons.manager	DEBUG	Starting provider: LightweightThemeManager
1530891774998	addons.manager	DEBUG	Registering shutdown blocker for LightweightThemeManager
1530891774998	addons.manager	DEBUG	Provider finished startup: LightweightThemeManager
1530891774999	addons.manager	DEBUG	Starting provider: GMPProvider
1530891775003	addons.manager	DEBUG	Registering shutdown blocker for GMPProvider
1530891775003	addons.manager	DEBUG	Provider finished startup: GMPProvider
1530891775003	addons.manager	DEBUG	Starting provider: PluginProvider
1530891775003	addons.manager	DEBUG	Registering shutdown blocker for PluginProvider
1530891775004	addons.manager	DEBUG	Provider finished startup: PluginProvider
1530891775005	addons.manager	DEBUG	Completed startup sequence
1530891777173	addons.repository	DEBUG	No addons.json found.
1530891780606	addons.xpi	DEBUG	Ignoring file entry whose name is not a valid add-on ID: C:\Users\css116441\AppData\Local\Temp\anonymous4032254381756875278webdriver-profile\extensions\webdriver-staging
1530891780607	addons.xpi	DEBUG	Existing add-on activity-stream@mozilla.org in app-system-defaults
1530891780608	addons.xpi	DEBUG	Existing add-on aushelper@mozilla.org in app-system-defaults
1530891780608	addons.xpi	DEBUG	Existing add-on firefox@getpocket.com in app-system-defaults
1530891780608	addons.xpi	DEBUG	Existing add-on followonsearch@mozilla.com in app-system-defaults
1530891780609	addons.xpi	DEBUG	Existing add-on formautofill@mozilla.org in app-system-defaults
1530891780609	addons.xpi	DEBUG	Existing add-on onboarding@mozilla.org in app-system-defaults
1530891780609	addons.xpi	DEBUG	Existing add-on screenshots@mozilla.org in app-system-defaults
1530891780610	addons.xpi	DEBUG	Existing add-on webcompat-reporter@mozilla.org in app-system-defaults
1530891780610	addons.xpi	DEBUG	Existing add-on webcompat@mozilla.org in app-system-defaults
1530891780610	addons.xpi	DEBUG	getInstallState changed: false, state: {}
Unable to read VR Path Registry from C:\Users\css116441\AppData\Local\openvr\openvrpaths.vrpath
JavaScript error: resource://gre/modules/addons/XPIProvider.jsm, line 2189: TypeError: addon is null

	at org.openqa.selenium.firefox.internal.NewProfileExtensionConnection.start(NewProfileExtensionConnection.java:112)
	... 31 more
]]>
    </error>
  </testcase> <!-- f -->
</testsuite> <!-- DriverScript.NewTest -->
