<?xml version="1.0" encoding="UTF-8"?>
<!-- Generated by org.testng.reporters.JUnitReportReporter -->
<testsuite hostname="HDC0007115" name="DriverScript.EventBooking" tests="1" failures="0" timestamp="2 Aug 2018 07:09:54 GMT" time="42.265" errors="0">
  <testcase name="EventBookingSF" time="42.265" classname="DriverScript.EventBooking"/>
</testsuite> <!-- DriverScript.EventBooking -->
