<?xml version="1.0" encoding="UTF-8"?>
<!-- Generated by org.testng.reporters.JUnitReportReporter -->
<testsuite hostname="MC0Y9VPC" name="Admin.SearchUsersAD002" tests="1" failures="0" timestamp="5 Jan 2018 00:33:24 GMT" time="31.911" errors="0">
  <testcase name="searchusersthroughusername" time="31.911" classname="Admin.SearchUsersAD002"/>
</testsuite> <!-- Admin.SearchUsersAD002 -->
